03-01-2023 11:04:16.684 INFO  c.e.E.services.EmployeeService.getAll - Getting Employee list...
03-01-2023 11:04:16.886 INFO  c.e.E.services.EmployeeService.getAll - Return list success
03-01-2023 11:19:32.515 INFO  c.e.E.services.EmployeeService.getEmployee - Return employee success
03-01-2023 11:42:30.397 INFO  c.e.E.services.EmployeeService.getAll - Getting Employee list...
03-01-2023 11:42:30.616 INFO  c.e.E.services.EmployeeService.getAll - Return list success
03-01-2023 13:57:26.080 ERROR c.e.E.services.EmployeeService.deleteEmployee - Can't find employee with id = 6
03-01-2023 14:12:30.555 INFO  c.e.E.services.EmployeeService.getAll - Getting Employee list...
03-01-2023 14:12:30.754 INFO  c.e.E.services.EmployeeService.getAll - Return list success
03-01-2023 14:13:10.066 INFO  c.e.E.services.EmployeeService.addEmployee - Recieving data from client...
03-01-2023 14:13:10.095 WARN  c.e.E.services.EmployeeService.addEmployee - Username already existed
03-01-2023 14:17:39.131 INFO  c.e.E.services.EmployeeService.deleteEmployee - Employee: Bill Solomon has been deleted
03-01-2023 14:39:48.024 INFO  c.e.E.services.EmployeeService.getAll - Getting Employee list...
03-01-2023 14:39:48.259 INFO  c.e.E.services.EmployeeService.getAll - Return list success
03-01-2023 15:39:49.889 INFO  c.e.E.services.EmployeeService.addEmployee - Recieving data from client...
03-01-2023 15:39:50.223 INFO  c.e.E.services.EmployeeService.addEmployee - Adding to database
03-01-2023 15:39:50.223 INFO  c.e.E.services.EmployeeService.addEmployee - Employee(employee_id=4, name=Jackey Louis, username=JL-lab10, password=3Zf3@Lx, age=29, position=BA, salary=8000.0, password_info=null, token_info=null) has been added to database
03-01-2023 15:39:55.558 INFO  c.e.E.services.EmployeeService.getAll - Getting Employee list...
03-01-2023 15:39:55.597 INFO  c.e.E.services.EmployeeService.getAll - Return list success
03-01-2023 15:40:03.949 INFO  c.e.E.services.EmployeeService.addEmployee - Recieving data from client...
03-01-2023 15:40:03.953 WARN  c.e.E.services.EmployeeService.addEmployee - Username already existed
03-01-2023 15:40:29.990 INFO  c.e.E.services.EmployeeService.addEmployee - Recieving data from client...
03-01-2023 15:40:29.994 WARN  c.e.E.services.EmployeeService.addEmployee - Username already existed
03-01-2023 15:40:44.038 INFO  c.e.E.services.EmployeeService.addEmployee - Recieving data from client...
03-01-2023 15:40:44.090 INFO  c.e.E.services.EmployeeService.addEmployee - Adding to database
03-01-2023 15:40:44.090 INFO  c.e.E.services.EmployeeService.addEmployee - Employee(employee_id=5, name=Jackey Louis, username=JLoisd-lab10, password=3Zf3@Lx, age=29, position=BA, salary=8000.0, password_info=null, token_info=null) has been added to database
03-01-2023 15:40:47.465 INFO  c.e.E.services.EmployeeService.getAll - Getting Employee list...
03-01-2023 15:40:47.477 INFO  c.e.E.services.EmployeeService.getAll - Return list success
03-01-2023 16:01:22.816 INFO  c.e.E.services.EmployeeService.getAll - Getting Employee list...
03-01-2023 16:01:22.827 INFO  c.e.E.services.EmployeeService.getAll - Return list success
03-01-2023 16:01:31.564 INFO  c.e.E.services.EmployeeService.getAll - Getting Employee list...
03-01-2023 16:01:31.572 INFO  c.e.E.services.EmployeeService.getAll - Return list success
03-01-2023 16:02:18.869 INFO  c.e.E.services.EmployeeService.getAll - Getting Employee list...
03-01-2023 16:02:19.135 INFO  c.e.E.services.EmployeeService.getAll - Return list success
03-01-2023 16:03:31.037 INFO  c.e.E.services.EmployeeService.getAll - Getting Employee list...
03-01-2023 16:03:31.274 INFO  c.e.E.services.EmployeeService.getAll - Return list success
03-01-2023 17:38:50.086 INFO  c.e.E.services.EmployeeService.getAll - Getting Employee list...
03-01-2023 17:38:50.325 INFO  c.e.E.services.EmployeeService.getAll - Return list success
03-01-2023 17:39:19.300 INFO  c.e.E.services.EmployeeService.addEmployee - Recieving data from client...
03-01-2023 17:39:19.329 WARN  c.e.E.services.EmployeeService.addEmployee - Username already existed
03-01-2023 17:45:33.206 INFO  c.e.E.services.EmployeeService.addEmployee - Recieving data from client...
03-01-2023 17:45:33.408 WARN  c.e.E.services.EmployeeService.addEmployee - Username already existed
03-01-2023 17:46:01.048 INFO  c.e.E.services.EmployeeService.getAll - Getting Employee list...
03-01-2023 17:46:01.111 INFO  c.e.E.services.EmployeeService.getAll - Return list success
03-01-2023 17:57:26.234 INFO  c.e.E.services.EmployeeService.deleteEmployee - Employee: Jackey Louis has been deleted
03-01-2023 17:57:32.905 INFO  c.e.E.services.EmployeeService.getAll - Getting Employee list...
03-01-2023 17:57:32.919 INFO  c.e.E.services.EmployeeService.getAll - Return list success
04-01-2023 10:40:56.841 INFO  c.e.E.services.EmployeeService.getAll - Getting Employee list...
04-01-2023 10:40:56.873 INFO  c.e.E.services.EmployeeService.getAll - Return list success
04-01-2023 17:11:56.642 INFO  c.e.E.services.UserService.addUser - Recieving data from client...
04-01-2023 17:13:08.980 INFO  c.e.E.services.UserService.addUser - Recieving data from client...
04-01-2023 17:13:09.221 WARN  c.e.E.services.UserService.addUser - Username already existed
04-01-2023 17:16:52.922 INFO  c.e.E.services.UserService.addUser - Recieving data from client...
04-01-2023 17:16:53.289 ERROR c.e.E.services.UserService.addUser - Cannot add data because org.springframework.dao.DataIntegrityViolationException: could not execute statement; SQL [n/a]; constraint [id]; nested exception is org.hibernate.exception.ConstraintViolationException: could not execute statement
04-01-2023 17:16:53.289 ERROR c.e.E.services.UserService.addUser - User(userId=2, name=Jackey Louis, username=JLouis-lab10, password=3Zf3@Lx, age=29, position=BA, salary=8000.0, login=null) --> org.hibernate.exception.ConstraintViolationException: could not execute statement
04-01-2023 17:29:57.891 INFO  c.e.E.services.UserService.addUser - Recieving data from client...
04-01-2023 17:29:58.184 ERROR c.e.E.services.UserService.addUser - Cannot add data because org.springframework.dao.DataIntegrityViolationException: could not execute statement; SQL [n/a]; constraint [id]; nested exception is org.hibernate.exception.ConstraintViolationException: could not execute statement
04-01-2023 17:29:58.184 ERROR c.e.E.services.UserService.addUser - User(userId=3, name=Jackey Louis, username=JLouis-lab10, password=3Zf3@Lx, age=29, position=BA, salary=8000.0, login=null) --> org.hibernate.exception.ConstraintViolationException: could not execute statement
04-01-2023 17:34:10.852 INFO  c.e.E.services.UserService.addUser - Recieving data from client...
04-01-2023 17:34:11.234 INFO  c.e.E.services.UserService.addUser - User(userId=4, name=Jackey Louis, username=JLouis-lab10, password=3Zf3@Lx, age=29, position=BA, salary=8000.0, login=null) has been added to database
04-01-2023 17:42:28.952 INFO  c.e.E.services.UserService.getAll - Getting User list...
04-01-2023 17:42:29.161 INFO  c.e.E.services.UserService.getAll - Return list success
06-01-2023 08:58:12.389 INFO  c.e.E.services.UserService.addUser - Recieving data from client...
06-01-2023 08:58:12.737 INFO  c.e.E.services.UserService.addUser - User(userId=5, name=Bill Solomon, username=BSolomon-lab10, password=3Zf3@Lx, age=34, position=Manager, salary=12000.0, login=null, token=null) has been added to database
06-01-2023 08:58:42.973 INFO  c.e.E.services.UserService.addUser - Recieving data from client...
06-01-2023 08:58:42.982 INFO  c.e.E.services.UserService.addUser - User(userId=6, name=Charlie Smith, username=CSmith-lab10, password=sDsa2@Lx, age=28, position=Engineer, salary=10000.0, login=null, token=null) has been added to database
06-01-2023 09:01:37.679 INFO  c.e.E.services.UserService.getAll - Getting User list...
06-01-2023 09:01:37.703 INFO  c.e.E.services.UserService.getAll - Return list success
06-01-2023 09:43:58.739 ERROR c.e.E.services.UserService.getUser - User doesn't exit
06-01-2023 10:44:52.137 INFO  c.e.U.User.services.UserService.getAll - Getting User list...
06-01-2023 10:44:52.209 INFO  c.e.U.User.services.UserService.getAll - Return list success
06-01-2023 11:18:32.195 INFO  c.e.U.User.services.UserService.getAll - Getting User list...
06-01-2023 11:18:32.259 INFO  c.e.U.User.services.UserService.getAll - Return list success
06-01-2023 11:18:53.760 INFO  c.e.U.User.services.UserService.getAll - Getting User list...
06-01-2023 11:18:53.772 INFO  c.e.U.User.services.UserService.getAll - Return list success
06-01-2023 11:19:48.666 ERROR c.e.U.User.services.UserService.getUser - User doesn't exit
06-01-2023 15:02:52.423 INFO  c.e.U.User.services.UserService.addUser - Recieving data from client...
06-01-2023 15:02:52.622 WARN  c.e.U.User.services.UserService.addUser - Username already existed
06-01-2023 15:32:20.621 INFO  c.e.U.User.services.UserService.getAll - Getting User list...
06-01-2023 15:32:20.650 INFO  c.e.U.User.services.UserService.getAll - Return list success
06-01-2023 16:57:09.233 INFO  c.e.U.User.services.UserService.addUser - Recieving data from client...
06-01-2023 16:57:09.376 WARN  c.e.U.User.services.UserService.addUser - Username already existed
06-01-2023 17:12:29.171 INFO  c.e.U.User.services.UserService.getAll - Getting User list...
06-01-2023 17:12:29.203 INFO  c.e.U.User.services.UserService.getAll - Return list success
06-01-2023 17:12:37.815 ERROR c.e.U.User.services.UserService.getUser - User doesn't exit
06-01-2023 17:12:47.641 INFO  c.e.U.User.services.UserService.getAll - Getting User list...
06-01-2023 17:12:47.650 INFO  c.e.U.User.services.UserService.getAll - Return list success
